5032
0007
08111
012019
020720
021124
025725
026129
030730
031134
035044
045346
047348
049152
053156
057757
058260
061069
070077
078181
082089
090097
0982100
01010108
01097109
01103111
01121116
01173118
01190126
01277127
01280135
01360143
01440151
01522154
01550164
01650173
01743175
01763177
01781181
01821186
01878187
01882190
01910198
01990206
02073208
02093210
02110219
02203221
02221225
02260234
02352237
02382240
02410249
1041
1225
1696
17117
112314
115416
117418
119919
135142
143843
144944
161170
171971
1721172
173973
174277
182189
190491
192493
194297
11011108
11192122
11232126
11283130
11318131
11329132
11339133
11341141
11423144
11452148
114911149
115010150
11519151
11551163
11644165
11664167
11682171
11724173
11914192
119310193
119410194
119510195
119610196
11979197
11989198
11998199
12002204
12054206
12112214
121510215
12163218
121910219
12263228
12292232
123310233
12349234
12412245
12469246
12474248
12499249
28108
29411
2211021
222523
2241124
226428
2291029
231433
234934
235437
238440
241941
2421042
249352
253953
254456
261364
265965
2661066
268968
278285
286687
2881088
289989
21014103
21043108
21124114
21155116
21345135
21369136
21373141
21553158
21593162
216311163
21784180
21819181
21823186
222210222
22234225
32112
33123
3465
358659
3601060
3671467
3691469
374576
3771077
378481
3821082
383784
3851185
3941194
395696
397798
3996100
31195122
312310123
31246125
312610126
31454148
315210152
31536154
31684171
31888189
319010190
32005202
320313203
320410204
32115214
32297230
323110231
323210232
32356236
323712237
323814238
323912239
32407241
324211242
32436244
324510245
412614
4451345
446549
4501350
4511351
4521252
461762
4631163
4641464
410412104
410512105
410613106
410712107
411115111
411712117
411812118
412811128
41298130
41375140
41419142
414314143
414412144
415512155
41565159
41608161
416212162
41746177
41827183
41847185
418612186
42078208
42097210
421712217
421811218
422013220
42269227
422811228
50130
51141
59711
5151215
516817
5181318
526927
5281428
531733
535638
5391239
5401240
554955
5561256
578781
590793
51018102
510316103
511016110
51127114
51457148
51645171
517213172
517313173
51787180
519212192
520513205
520616206
52239224
522513225
524712247
524815248
6221422
6461346
6471048
6491349
6741374
6751375
6761376
610817108
611514115
611613116
61198121
612214122
613414134
613514135
613716137
613813138
613915139
614014140
61567159
61647167
616813168
616915169
61709171
62008202
62119212
62139214
622117221
74115
7121113
7141814
7351435
7361037
7381838
7581159
7701870
7861486
7871687
7951096
7991699
712410125
715316153
717411175
717616176
717718177
721618216
723515235
724317243
724415244
891111
8201520
8251625
8301032
8331533
8571757
8611262
8781279
8801281
8831184
890993
8971797
8981698
810917109
811211113
811415114
812715127
814517145
814612147
814816148
815419154
81569159
816415164
816510167
818015180
81829185
819119191
820912210
822918229
823019230
824012241
9162016
9171917
9431743
910013101
910217102
911919119
912012121
913016130
913116131
916019160
916119161
917820178
918711189
919916199
920013201
920716207
920819208
106206
10191919
10232123
10261826
10271827
10341734
10412141
10441844
10531354
10551955
10652165
10681868
10712071
10731773
10891192
10932093
1013217132
1013619136
1014118141
1014217142
1015120151
1015613157
1015819158
1015921159
1017019170
1017120171
1017921179
1018118181
1018218182
1018313185
1019720197
1019818198
1021117211
1021221212
1021418214
1022320223
1022420224
1023419234
1024619246
1024917249
118228
11291530
11312131
11322232
11362036
11372237
11421942
11471847
11481848
11601860
11661866
11771977
11822282
11881988
11951496
1112314124
1112518125
1112619126
1115020150
1115219152
1116518165
1116614167
1119021190
1119320193
1119422194
1119518195
1119619196
1120420204
1121322213
1121521215
1121920219
1122222222
1122622226
1123115232
1123319233
1124519245
122212
125225
1291510
12111413
12241924
12581958
12592159
12632063
12722272
12842384
12852285
12891989
12901591
12922092
12942094
1211220112
1211321113
1212816129
1214919149
1216322163
1217415175
1218720187
1218819188
1218922189
1220223202
1221821218
1222717228
1223623236
1224220242
133174
13152015
13392339
13402340
13522052
13562356
13611762
13781581
1310416105
1310721107
1311716118
1312017121
1313324133
1314423144
1314622146
1315523155
1316224162
1318622186
1319221192
1320916210
1321721217
1323724237
1323916240
1324124241
1324720247
14182318
14451846
14491850
14512151
14532153
14542254
14742274
14751976
14832583
1410021100
1410123101
1410621106
1411621116
1413821138
1415617157
1416824168
1417222172
1417322173
1418317185
1420023200
1420125201
1420322203
1422025220
1422524225
150201
15111812
15132313
15211922
15352335
15642564
15672567
15862586
15952595
15962496
1511522115
1512219123
1512423124
1513418135
1514023140
1514323143
1516624166
1523822238
169239
16102610
16202420
16281830
16332533
16692769
16782678
16791881
16901991
1611127111
1611426114
1612724127
1613925139
1614727147
1616423164
1616727167
1616925169
1617419175
1618023180
1620527205
1623226232
1623526235
1624426244
1624823248
17252525
17872587
17982598
17992699
1710320104
1710525105
1711026110
1711826118
1712819130
1713126131
1714824148
1715327153
1719926199
1720625206
1720724207
1720922210
1723920240
183214
187297
18342634
18432543
18572957
18612561
18622762
18732773
18972897
1810228102
1810821109
1811729117
1812023121
1813226132
1813729137
1814229142
1814527145
1815626156
1815726157
1817629176
1818325183
1818421185
1821129211
1822126221
1822721228
1824329243
1824925249
19112212
19262227
19282230
19382638
19442345
19462050
19602760
19662866
19792181
1912529125
1913424135
1914126141
1916529165
1917730177
1918122182
1919529195
1919830198
1921626216
1922929229
20172917
20192719
20212422
20242924
20422842
20582758
20683168
20703170
20752277
20882389
20902391
2011930119
2012227122
2012327123
2012829128
2012923130
2013631136
2014928149
2015231152
2015828158
2016024161
2017431174
2017528175
2018829188
2019128191
2019627196
2020828208
2023023231
2023324234
2024523246
210241
216316
21142515
21162816
21362836
21463246
21472349
21522952
21553255
21632963
21713071
21923092
21932594
2110324104
2111228112
2112632126
2115024151
2115432154
2117026171
2117828178
2118731187
2119328193
2119731197
2121932219
2122324224
2123924240
2124732247
222254
22232923
22313031
22412941
22502651
22533053
22593059
22653065
22792580
2210029100
2210630106
2210724109
2211331113
2211632116
2213831138
2215931159
2217932179
2218432184
2218531185
2219231192
2220433204
2221230212
2221425215
2221725218
2222726228
235345
238338
23113011
23123212
23262528
23292830
23323032
23373037
23543454
23723472
23742576
23773177
23812782
23853185
2311531115
2314634146
2316333163
2317230172
2317331173
2318126182
2318633186
2318932189
2319432194
2320331203
2320930209
2321030210
2321330213
2322633226
2323830238
249329
24133313
24183218
24393339
24403540
24442745
24472748
24493249
24563356
24843484
24883188
24892691
2410132101
2412031120
2412134121
2412927130
2414035140
2414328144
2415531155
2416435164
2418033180
2419035190
2420031200
2420233202
2423032230
2423133231
2424235242
2424528246
2424832248
250340
251341
25202821
25963496
2510334103
2510432104
2510734107
2510828109
2512733127
2513327135
2514832148
2515034150
2515135151
2516027162
2516634166
2516833168
2520735207
2522226225
2523328234
2523630237
2523933239
2524135241
262372
263373
26153415
26252728
26333533
26433543
26613461
26643364
26673767
26742976
26793080
26833783
26863087
26932994
26953395
26983698
2612437124
2613935139
2618333183
2620136201
2620634206
2621429215
2621734217
2621833218
2622033220
2624037240
2624937249
27103710
27143814
27343634
27383438
27503151
27783478
27893489
27903191
2711037110
2711435114
2711835118
2713132132
2714135141
2715630157
2716929171
2718134181
2718237182
2721637216
2722135221
2722229225
2722732228
2723238232
2723538235
2724434244
28193719
28223922
28252928
28443544
28473547
28483848
28583958
28603760
28693669
28733873
28823782
28993999
2811137111
2812232123
2812933130
2813330135
2814535145
2814739147
2816031162
2816735167
2819638196
2820538205
29163616
29203720
29293330
29353336
29423642
29664066
29973797
2910237102
2910837108
2910937109
2911236112
2914340143
2914438144
2914937149
2915840158
2917836178
2919137191
2919338193
2920840208
2923337233
2923438234
2924532246
307377
30173817
30214121
30233823
30243226
30274027
30283828
30413741
30524152
30573957
30623463
30743376
30933793
30943794
3010039100
3011738117
3012539125
3012837128
3013737137
3014237142
3016539165
3016932171
3017637176
3018838188
3021139211
3021433215
3022231225
3022938229
3024340243
31113911
31313432
31374037
31594059
31653865
31714271
31793381
31863587
31923892
3110542105
3110639106
3111942119
3113338133
3113434135
3115636157
3117242172
3117741177
3119839198
3120939209
3121039210
3121235213
3123633238
326406
32503551
32683968
32773977
32853985
32884088
32913991
3211543115
3212040120
3213639136
3213840138
3215240152
3215541155
3215934161
3217339173
3217443174
3218542185
3218740187
3219739197
3220041200
3220340203
3222239222
3222336224
339419
33124012
33184118
33243625
33494049
33534453
33554155
3310142101
3310444104
3311640116
3312236123
3312641126
3313140131
3314841148
3315440154
3316936170
3317141171
3317942179
3318443184
3318944189
3319244192
3319436195
3321942219
3322738228
3323040230
3324535248
348418
34134213
34264526
34294429
34304230
34354235
34364336
34394539
34644164
34704570
34743776
34793880
34814481
34954495
3412744127
3412944129
3413044130
3416237163
3416844168
3418042180
3418343183
3418641186
3420245202
3421437215
3421842218
3422042220
3422539226
3423141231
3423635239
350391
354395
35154415
35313932
35384238
35544254
35614461
35624662
35634363
35784378
35844684
35893890
3510344103
3510743107
3512144121
3513438135
3514644146
3515045150
3516045160
3516143161
3516643166
3518142181
3519946199
3520446204
3520644206
3521744217
3524444244
36334433
36434443
36444444
36454146
36474347
36503951
36724772
36864586
36874487
3611341114
3613938141
3614543145
3615145151
3616443164
3616746167
3619047190
3620745207
3621344213
3622144221
3623639237
3623845238
3623946239
3624143241
3624243242
3624538248
37164616
37244524
37254425
37344434
37424542
37694569
37984698
3711245112
3712244122
3712346123
3715640157
3716940170
3717848178
3719446194
3719547195
3720147201
3721248212
3722340224
382413
387487
38194120
38404940
38414541
38604560
38674567
38744275
38764976
38824982
38834983
38934294
38964297
3810246102
3810845108
3810946109
3811042111
3812446124
3812846128
3813745137
3814247142
3814948149
3815949159
3816249162
3816345163
3817543176
3819145191
3821440216
3823345233
3824048240
3824946249
39144914
39174617
39235023
39284728
39484948
39654865
39735073
39794779
39804780
39894290
39924692
3911748117
3913241135
3913941141
3914447144
3915350153
3918250182
3918849188
3919347193
3919647196
3920547205
3922746227
3922847228
3922950229
3923248232
3923442235
3924540248
401481
404435
40104411
40224922
40314731
40324732
40504451
40574857
40584958
40684968
40774877
40855085
40914891
40994999
4010647106
4012548125
4013650136
4014748147
4016548165
4017348173
4019749197
4019847198
4020943211
4022247222
4022548225
4022650226
4023644237
416486
41124812
41274827
41374837
41494949
41594859
41665266
41884988
4111648116
4112048120
4113148131
4113848138
4115250152
4115452154
4115648156
4115748157
4115850158
4116948169
4117050170
4118752187
4120350203
4120850208
4121444215
4122346224
4123050230
4124352243
4124548245
4124644247
4124848248
420530
422502
423503
428479
42185018
42194421
42455045
42465246
42525052
42555055
42644964
4211350113
4211451114
4212650126
4213243135
4213951139
4214051140
4214150141
4214849148
4215549155
4217149171
4217751177
4218649186
4220049200
4221653216
4223152231
43135313
43305230
43355335
43385038
43545154
43715171
43744675
43895489
43905390
43934694
43964797
4310046101
4310551105
4311051110
4311151111
4311848119
4317253172
4317945181
4318554185
4321850218
4321948220
4323446235
444475
44365136
44475147
44635163
44785378
4410755107
4411552115
4413248133
4413453134
4414553145
4416153161
4416451164
4416654166
4417446176
4418347184
4420948210
4421154211
4424152241
4424252242
45104811
45155315
45194721
45255625
45295329
45334834
45434844
45505350
45515251
45615261
45815281
45875587
45955295
4510354103
4510453104
4512149122
4512754127
4512949130
4514356143
4514652146
4516853168
4519255192
4520652206
4521348214
4521552215
4522154221
4523656236
4524649247
46245724
46265426
46395539
46415341
46425342
46535753
46605360
46675467
46695369
46705670
46865386
4610855108
4611256112
4613557135
4613753137
4615053150
4615153151
4616053160
4616354163
4617953179
4618049181
4618957189
4619153191
4621757217
4623354233
4623856238
4624457244
47165017
47565856
47625662
47745075
47845684
47924994
47985498
4710050101
4710955109
4712351124
4712856128
4716755167
4717449176
4719956199
4720258202
4720455204
4722355223
4722455224
4722757227
4723554235
4723954239
484515
488588
489569
48195719
48205920
48215721
48285628
48315631
48325932
48725572
48795180
48965596
48975897
4810655106
4814257142
4814456144
4818355183
4818455184
4819351194
4819556195
4819658196
4819856198
4820159201
4820558205
4822259222
4824959249
491571
496576
497597
49106010
49116011
49125712
49275727
49335833
49346034
49375937
49435244
49575657
49595959
49655965
49776077
49915891
4911657116
4911750120
4912556125
4913157131
4913253133
4913856138
4914759147
4914957149
4915654157
4916557165
4916958169
4917360173
4917860178
4921252213
4921458214
4921953220
4922557225
4923257232
4923460234
4924560245
4924857248
50145814
50226022
50405940
50485449
50586158
50645864
50686068
50765776
50825383
50885988
50925393
50945994
50995899
5010261102
5012153122
5012954130
5014861148
5015557155
5016257162
5017158171
5017453175
5017657176
5018053181
5018657186
5018860188
5019761197
5020058200
5020761207
5020961209
5024658246
5024759247
512543
51166116
51175518
51236223
51386038
51456245
51555855
51735474
51755875
51855985
5110058100
5110161101
5111359113
5111752120
5112662126
5113660136
5115359153
5115858158
5117059170
5118258182
5120359203
5120860208
5121062210
5121861218
5122854229
5123061230
5123762237
524604
525605
52366036
52476347
52526352
52546254
52636163
52716171
52795680
5210559105
5211056111
5211462114
5212357124
5213954141
5216460164
5217761177
5219355194
5222663226
53306030
53436243
53446044
53466046
53516251
53616261
53666366
53816481
53956095
5311562115
5311754120
5314662146
5315463154
5315964159
5320661206
5321256213
5321560215
5323162231
5324056241
5324261242
5324364243
540630
54136513
54156515
54296229
54415842
54506550
54606260
54696269
54786278
54825783
54866286
54906390
54936393
5410461104
5412159122
5413258133
5413463134
5413761137
5414562145
5415062150
5415164151
5416058161
5416864168
5417262172
5417462174
5417563175
5417956181
5419163191
5421961219
5422062220
552583
55486448
55496649
55676367
55736273
55746374
55896589
55986598
5510365103
5511758118
5511963119
5512063120
5512762127
5512958130
5513957141
5515266152
5515660157
5516363163
5518565185
5519066190
5521163211
5522163221
5522963229
5523362233
5523562235
5523964239
56175918
56266726
56396639
56726372
56876387
56926792
56966496
5610659107
5610860109
5616765167
5618360184
5619258194
5620463204
5621667216
5622363223
5622464224
579649
57256425
57286528
57316431
57576757
57796080
5711066110
5711164111
5711264112
5712566125
5712868128
5713868138
5714367143
5714467144
5717960180
5718164181
5719565195
5719868198
5721264212
5721364213
5723867238
5724165241
58126612
58196619
58246524
58276727
58356935
58536853
58626962
58706970
58766876
58826084
5812362124
5813166131
5813565135
5813968139
5814062141
5814269142
5814967149
5815566155
5816269162
5816566165
5817668176
5818665186
5818769187
5818966189
5819969199
5821766217
5822567225
5822761228
5823265232
5824069240
5824465244
5824866248
591613
598668
59146714
59337033
59416941
59426942
59556655
59566656
59646764
59756875
59916891
59976997
599962100
5911770117
5911866118
5912966129
5913066130
5913269132
5913369133
5915869158
5916063161
5916969169
5917168171
5918267182
5919263193
5919467194
5919668196
5920068200
5920267202
5920567205
5921468214
5924667246
606647
60176318
60206720
60326932
60376737
60406740
60597159
60656765
60857185
60946894
6010563106
6010767107
6011368113
6012171121
6014767147
6015370153
6020171201
6020368203
6024767247
6024969249
614714
615705
61106411
61216422
61307030
61366836
61387238
61446944
61466946
61687168
61796979
61806880
61826483
61956895
6110869108
6110971109
6113668136
6115668156
6115769157
6116470164
6116672166
6117368173
6117869178
6117969179
6118068180
6118368183
6118468184
6118869188
6120870208
6121571215
6122272222
6123468234
6124570245
621662
623703
62167216
62347334
62637163
62717071
62847384
62887388
6210169101
6210270102
6210469104
6211673116
6213769137
6214872148
6217772177
6219772197
6220672206
6220770207
6221871218
6221970219
6222770227
6222873228
6223069230
6224272242
63297129
63457045
63517451
63547354
63606861
63697169
63737273
63776778
63867086
63997199
6311467115
6312266124
6312670126
6312770127
6314066141
6314570145
6314671146
6315074150
6317272172
6317472174
6320968210
6322072220
6323172231
6323370233
6323574235
640720
64176818
64477447
64587558
64667266
64727272
64747274
64877187
64907490
64937193
6410568106
6411969120
6416071160
6416171161
6416371163
6417574175
6419174191
6419275192
6419373193
6420471204
6421174211
6422172221
6422374223
6422673226
6422973229
6423775237
657747
659729
65106911
65227023
65257325
65317231
65487548
65677667
65816982
65837283
65967696
6511170112
6515172151
6515975159
6516875168
6518172181
6521272212
6521374213
6522475224
6524372243
666776
66137713
66157315
66217721
66247324
66287428
66507350
66527752
66897489
66987498
6610077100
6610373103
6613469135
6616776167
6618675186
6619575195
6623276232
6624175241
6624473244
671702
678758
67127612
67197519
67397439
67497749
67557655
67567656
6711075110
6711875118
6712268125
6712975129
6713075130
6713178131
6714074140
6715274152
6715472155
6716578165
6717078170
6718970190
6721777217
6723678236
6724874248
68147814
68207520
68267227
68377637
68407740
68577657
68647165
68777178
68927892
6810775107
6811475114
6811576115
6814179141
6814372144
6814776147
6814975149
6819477194
6820277202
6820575205
6821678216
6822577225
6823877238
6824671247
69177318
69367736
69537853
69607361
69757476
69807980
69917791
69947295
6910579105
6910677106
6911379113
6912272123
6912477124
6912580125
6913679136
6913876138
6913976139
6915679156
6917180171
6917379173
6917676176
6918077180
6918377183
6918476184
6920079200
6920376203
6920973210
6921478214
6923476234
70107810
70117811
70328132
70357835
70417442
70447944
70627762
70797979
70817981
70828082
70977997
7010178101
7010481104
7012881128
7013272134
7013777137
7014278142
7015774158
7016977169
7017873179
7018581185
7018778187
7018881188
7019873199
7023077230
7024980249
711742
713813
715805
71227523
71308230
71338033
71438243
71458145
71468246
71717871
71867986
7110281102
7111174112
7112675127
7114579145
7115381153
7116481164
7118982189
7119081190
7120779207
7120879208
7121982219
7122780227
7123381233
7123976240
7124578245
724824
72298329
72598059
72637564
72658165
72688068
72698069
72778177
72787978
72857985
72878287
72937993
72998399
7210877109
7212183121
7213583135
7214683146
7216074162
7216380163
7220483204
7221583215
7221882218
7224675247
730830
739809
73168116
73318031
73668066
73727574
73838383
73948394
73958095
7312277123
7313277133
7313482134
7314377144
7314883148
7315180151
7315484154
7316681166
7317280172
7317483174
7317784177
7318183181
7319677197
7320680206
7321280212
7322075222
7323180231
7324276243
74158115
74177818
74248124
74257726
74278527
74348134
74508450
74548154
74607961
74848384
74888488
7410384103
7411677117
7417877179
7419382193
7419878199
7420185201
7420983209
7421084210
7422684226
7422877229
7424483244
751821
757847
75288428
75388039
75418641
75428242
75478347
75518351
75758375
75898289
75908590
75988598
7511180112
7511986119
7514085140
7515083150
7515285152
7515782157
7515882158
7516077162
7517582175
7519184191
7521186211
7521384213
7522383223
7523583235
7524885248
762872
768858
76198020
76227923
76488648
76588358
76638463
76648364
76727874
7610787107
7611087110
7611483114
7611883118
7612679127
7612980130
7614983149
7615587155
7615984159
7616884168
7619284192
7620587205
7622080221
7622286222
7622487224
7623783237
7624679247
77378537
77557957
77968596
7711585115
7713885138
7713988139
7714784147
7716784167
7717685176
7718486184
7720387203
7723287232
7723485234
7723978243
786856
78138813
78218621
78258126
78368736
78408640
78498749
78528952
78628862
78918791
7810685106
7810885108
7810985109
7811685116
7812282123
7812485124
7813281133
7813786137
7814385143
7814488144
7816080162
7816987169
7817885178
7817986179
7818086180
7818386183
7819786197
7820288202
7821785217
7822587225
7822881229
7823088230
7823886238
79108212
79148814
79178717
79188618
79358935
79538653
79708471
79728274
79769076
79928792
7910090100
7910188101
7911790117
7913188131
7914288142
7916589165
7917086170
7918690186
7918788187
7919886198
7919989199
7921489214
7921686216
7923686236
7923987239
7924081243
7924587245
80228323
80449044
80558257
80608461
80788181
80858486
80938993
80979197
8010591105
8011391113
8012684127
8013687136
8014190141
8014588145
8015689156
8017387173
8020090200
8020789207
8020889208
8024684247
815895
819909
81198819
81209120
81318831
81339033
81388639
81598859
81669166
81679267
81688569
81829082
81959195
8111189111
8111290112
8112590125
8112984130
8115190151
8116184163
8117190171
8117288172
8118292182
8119492194
8120689206
8121288212
8122089220
8122191221
8122789227
8123190231
8124991249
82158616
82248525
82268926
82349134
82549054
82659265
82778380
82819081
8210489104
8212890128
8213285133
8215391153
8216491164
8216690166
8218893188
8219089190
8222885229
8223393233
8224084242
831921
833864
83108611
83129412
83309230
83429042
83469446
83558656
83579057
83729172
83738674
83879187
83899089
8312287123
8313492134
8315793157
8315894158
8317594175
8318994189
8319393193
8319594195
8321886219
8324394243
840930
84229222
84239523
84299229
84459545
84479447
84519151
84589558
84649164
84759275
84778580
84839183
84849184
84949394
8411493114
8411891118
8412088121
8413591135
8414695146
8414887150
8416095160
8417492174
8418191181
8418595185
8420991209
8422393223
8423594235
8423792237
8424491244
857947
85289528
85509250
85609260
85619461
85639363
85709270
85719571
85859485
85869386
85889488
85999699
8510289103
8512688127
8512988130
8514793147
8515492154
8515993159
8516187163
8516789168
8517793177
8519189192
8521094210
8521393213
8522694226
8524092240
8524188242
8524689247
866946
868938
86249524
86259625
86279327
86379737
86699769
86778978
86799180
86909790
86969496
86989498
8610696106
8610893108
8610993109
8611593115
8611694116
8612496124
8613294132
8613394133
8613897138
8614096140
8614394143
8615297152
8617693176
8617895178
8620197201
8621796217
8622894228
8622993229
8623496234
8624897248
873904
87109111
87159216
87189718
87219421
87329832
87389040
87419841
87489548
87539653
87559855
87569456
87739074
8711995119
8713794137
8717096170
8717990180
8718391184
8719690198
8721697216
8721891219
8722298222
8723695236
8723898238
882962
88179917
88369536
88499849
88919691
88929592
8810795107
8812291123
8813699136
8814899148
8814992150
8815599155
8816195161
8816295162
8816397163
8816995169
8817396173
8820390205
8821199211
8822598225
8823296232
8823998239
8824595245
89139913
89149914
89199919
89319831
89599659
89629962
8912093121
8912692127
8912992130
8913199131
8913999139
8914297142
8914497144
8914598145
8917296172
89187100187
8920297202
8921297212
8923096230
8924192242
905975
90269826
90359835
90529752
906810168
90779777
90789778
90939793
9010191104
90111101111
90156101156
90167101167
9016899168
9019092192
90199101199
9020698206
90207101207
9020897208
9021494215
9022799227
9024798247
9131013
914984
9191019
91339833
91389539
91409840
91429942
91549854
91579957
91739973
91749974
917610176
91819682
91899889
91100102100
9111298112
91117101117
91125102125
9112899128
9114198141
9115198151
91165102165
91166102166
91171102171
91179102179
9118098180
9118698186
9119693198
9120099200
9120395204
91205100205
91231102231
921010010
921110111
923410334
92439744
92519951
926410264
926610066
927210072
92799580
92839584
928710187
929510195
92979997
92101103101
9210299102
92103100103
9210496105
92118101118
9212299122
92123100123
92135100135
92153100153
9216499164
9218199181
9218396184
92209101209
9221899218
92219102219
92221100221
92244100244
92249102249
9311001
93159816
932210422
932910329
933010030
935010150
936010060
936510265
936710467
937010470
937510075
9312697127
9312997130
93134102134
93149101149
93154102154
93174102174
93182103182
9319097191
93192101192
93194101194
93237103237
9324097241
93242100242
93246104246
9481048
942710227
946310563
948610286
949410594
9410896110
9411397114
94115103115
9412097121
94147103147
94157105157
94159102159
9417698177
94188104188
94193103193
9419696198
94213104213
94220105220
94223103223
94224105224
94229103229
94233104233
956997
951210212
952010021
95469847
955610356
956110561
958510385
959610696
959810498
95116105116
9513299133
95137102137
95143103143
95150106150
95158106158
95175104175
95189102189
95195102195
95210105210
95214102214
95215102215
95226105226
95228103228
95235104235
95243105243
962310423
963610336
963910439
964510345
964810348
965810758
96799980
96839984
968810788
969210492
96107104107
96119107119
96146105146
96160104160
96161104161
96162105162
96169107169
96178105178
96185106185
96203100204
96236104236
96245106245
9721072
972510625
973810838
975310453
975910759
977110871
978110282
979110591
9710499106
97108104108
97110106110
97124108124
97140104140
97170105170
97172105172
97183100184
97196100197
97198108198
97230104230
97232104232
97234104234
9851055
982410924
983710837
984310643
984410744
985210752
986910669
987710577
987810878
989310893
98109109109
98113102114
98120101121
98126106126
98127107127
98129107129
98130106130
98138106138
98142105142
98144107144
98152108152
98190106190
98191105191
98201107201
98202105202
98208105208
98212105212
98216101217
98240102241
98248108248
9941064
991510615
991611016
992610726
993110232
993310633
993510635
994011040
994110741
994610247
994910749
995410954
995511055
998910290
99112110112
99141106141
99145109145
99151106151
99163110163
99176110176
99177110177
99180110180
99186108186
99206108206
99222110222
99225106225
99238102239
99247107247
10001110
10061037
1001310314
1001711017
1001910719
1002811128
1004211142
1005110851
1005710957
1006211162
1007310773
1007410874
1007910380
1008311083
1008411084
1009710797
100102108102
100104107104
100105108105
100106109106
100122108122
100128110128
100131102133
100136110136
100164108164
100168107168
100173111173
100181111181
100200109200
100211107211
100218110218
100227108227
10111091
1012010421
1013010830
1016011260
1016611066
1017210872
1017511175
101103109103
101123108123
101135108135
101153111153
101183105184
101187109187
101196104197
101203110203
101204110204
101205108205
101242111242
101244110244
10231123
102910510
1025011150
1026811168
1027611376
1028710987
102111110111
102117112117
102120110120
102121112121
102148105149
102155106156
102167112167
102192109192
102194111194
102199111199
102207109207
102209109209
102216105217
102221113221
1031110712
1032711027
1033111331
1033211032
1034611046
1036411464
1036511365
1038110882
1038611086
1038911189
1039511495
10399107100
103113106114
103125110125
103131111131
103132110132
103133107134
103137111137
103154111154
103165108166
103171111171
103174110174
103179113179
103189111189
103195112195
103214108215
103238104241
10461116
10471117
1041311113
1041411214
1043411134
1043611536
1044511445
1044710848
1045611156
1047911279
1048011280
1048511485
104101112101
104115112115
104139115139
104143115143
104147113147
104182111182
104193112193
104223112223
104228111228
104229113229
104231115231
104237112237
1051811618
1052011320
1052111221
1052210823
1053911239
1055311253
1059211392
1059811698
105107116107
105108116108
105140116140
105160109161
105188114188
105196113196
105197112197
105219116219
105230115230
105232106235
105236112236
105238107240
105241112241
10651155
106911110
1066311563
1066711767
1067711377
1069010991
1069411594
106116114116
106142114142
106146113146
106149115149
106157113157
106162114162
106170114170
106172116172
106183109184
106191116191
106202114202
106208116208
106212110213
106216111217
106220113220
106224116224
106226113226
106243115243
106246117246
10741154
1071511815
1072511625
1073311433
1073511435
1074311543
1076911070
1079611696
107110117110
107113110114
107118118118
107130114130
107138115138
107141114141
107150110151
107156114156
107158116158
107178118178
107185115185
107190117190
107210118210
107225114225
107232109235
107245115245
10821162
1081111911
1081911519
1082611626
1084111641
1084411744
1085211652
1085811558
1085911659
1087311673
1088811788
1089711997
10899112100
108104117104
108119115119
108126113127
108129117129
108133116133
108134118134
108144117144
108159119159
108168116168
108169119169
108175119175
108201118201
108211115211
108239118239
108240118240
108247116247
108249119249
10981208
1092211822
1092311823
1093011830
1093711637
1093812038
1094711647
1094811648
1095111951
1096112061
1097111671
1097211672
1097411974
1098111282
1099312093
109102117102
109105117105
109122112123
109124116124
109135120135
109152117152
109164111166
109186117186
109198118198
109205117205
109206117206
109214113215
109227117227
109238120238
109248117248
11011181
1102411824
1102912129
1104912149
1105412054
1105712157
1108711787
1109111791
110103120103
110106119106
110145121145
110148121148
110160119160
110161118161
110183117183
110184120184
110187118187
110192120192
110200117200
110207118207
110209118209
110232112235
1111711917
1112711827
1113211932
1114012140
1114611946
1115512155
1116612066
1116911969
1117812278
1118311883
1118411884
1118612086
111111119111
111112114113
111114122114
111120122120
111125120125
111128122128
111132118132
111136119136
111150114151
111155122155
111163122163
111174118174
111176118176
111180119180
111203114204
111212120212
111213119213
111218122218
111222119222
111244119244
11201200
11261216
11271197
112911510
1121312013
1123411934
1124212042
1125012050
1125611956
1126212362
1126812268
1127512075
1128912089
112131120131
112137122137
112153116154
112164114166
112171120171
112173120173
112181115182
112189121189
112194123194
112199122199
112216122216
112217123217
112228121228
112242119242
11331203
1131412214
1131612416
1132112121
1133912139
1135312353
1137911482
1139912099
113100117101
113109124109
113115120115
113117122117
113121115123
113167123167
113193122193
113195123195
113197121197
113223120223
113232121232
113233120233
113234114237
113241122241
1142012220
1142812528
1143112231
1146512465
1147611777
1149212392
114126117127
114146122146
114147122147
114157122157
114177125177
114179124179
114196122196
114214123214
114220118221
114226121226
114229123229
1153312233
1153512535
1154512245
1158011981
1158212682
1158512585
1159512395
115112118113
115116126116
115130125130
115141125141
115142126142
115150118151
115156123156
115162122162
115164122164
115165122165
115166123166
115170126170
115188126188
115202117204
115225126225
115234119235
115236118237
11641215
11691249
1161012310
1161912419
1163612436
1164312543
1165812458
1166312763
1166412764
1169412394
116119124119
116121118123
116138123138
116139125139
116143125143
116149126149
116181120182
116185123185
116211123211
116215127215
116230125230
116231123231
116243124243
116245123245
11721242
1171812418
1172512026
1173712537
1174112741
1174712547
1174812648
1175212652
1175912160
1177011973
1179612596
1179812498
117107120108
117124124124
117133128133
117140124140
117153125153
117154127154
117158126158
117168128168
117172125172
117191124191
117208125208
117219125219
117224124224
117247125247
1184412544
1186712667
1187612277
1187912979
1188712188
1189012191
118100120102
118104121105
118110127110
118126125126
118127125127
118129126129
118144125144
118152125152
118183126183
118186129186
118190128190
118200126200
118202122203
118204121205
118206127206
118227125227
118246129246
118248129248
11911301
1191512815
1192212224
1192712927
1193013030
1198312683
1198412784
119112122113
119118126118
119121122122
119123127123
119132127132
119134126134
119150127150
119151130151
119161126161
119174129174
119176126176
119178129178
119187127187
119198126198
119201126201
119207128207
119209123210
119220129220
119221126221
119236124237
119239127239
12071287
1201112711
1203412934
1204612746
1205112851
1205612956
1206912370
1207112174
1208012381
1209712897
120106127106
120111131111
120136127136
120159123160
120175129175
120180130180
120213128213
120222131222
120234124235
120242127242
120244128244
120249127249
12101280
12131283
12181328
1211212513
1212512526
1213812838
1214213042
1215012850
1216113061
1216612966
1217512875
1218613086
1218912989
1219313193
12199122102
121103132103
121107129107
121108130108
121115131115
121125130125
121131129131
121135130135
121171128171
121173130173
121181130181
121182131182
121192131192
121212128212
121223129223
121233131233
121238130238
121240132240
12241304
12251256
1222113121
1222913029
1223912939
1224013040
1224912949
1225412655
1225713057
1225912959
1226013060
1227112572
1227312574
1228713087
1228813188
1229012591
122104133104
122145129145
122148130148
122189129189
122204129204
122205133205
122226130226
122228132228
122232131232
1231413314
1232013020
1232312824
1233112533
1234513045
1236813468
1237612777
1237813478
1239913299
123100130100
123101131101
123102133102
123112130112
123113131113
123114131114
123117132117
123120131120
123121127122
123137132137
123146126147
123155131155
123157132157
123162124165
123193130193
123196133196
123199131199
123202126203
123216132216
123218130218
123241132241
1241013210
1242213522
1245313553
1246213262
1246913169
1247013370
1248012881
1249213192
1249412895
124128135128
124138132138
124156134156
124159132159
124160131160
124166128167
124169135169
124184127185
124194127195
124209127210
124211131211
124214131214
124217131217
124231135231
124245135245
12521322
12591329
1251613216
1251712719
1253613636
1255813458
1256513565
1259813298
125119135119
125124135124
125140132140
125162127164
125165133165
125179132179
125191132191
125197136197
125224132224
125234128235
125236130237
125243135243
12651345
1261212913
1262513525
1262613326
1262813728
1263113331
1263713537
1264313543
1264413544
1264713647
1267113471
1267213073
1267413574
1268513385
1269013490
1269113491
1269613496
126109137109
126126129127
126130136130
126139133139
126141134141
126143129144
126152133152
126153136153
126172137172
126177134177
126208136208
126219134219
126227135227
126230137230
126247135247
1273513835
1274813448
1275213652
1275413554
1276713467
1278213183
127105138105
127116137116
127118137118
127129134129
127134135134
127142137142
127146135146
127147136147
127149137149
127158136158
127161134161
127170137170
127176137176
127183134183
127188138188
127198137198
127200130201
127202134202
127203134203
127221134221
127225134225
127229138229
1281113511
1281713119
1284113741
1284613746
1285513955
1286313663
1286413864
1287613177
1288413684
128106135106
128121136121
128122132123
128132135132
128136136136
128150137150
128154136154
128162131163
128184132185
128187135187
128195137195
128206138206
128209132210
128215135215
128239135239
128242138242
128249139249
12901380
12931363
12961337
1291513915
1292313723
1293213433
1293813738
1295013351
1297513675
1298013281
1299414094
1299513695
1299713697
129133138133
129164140164
129166134167
129168138168
129171137171
129190137190
129207138207
129212137212
129213137213
129234132235
1301213413
1302713827
1303413934
1303914039
1304913849
1305613756
1305913859
1306614166
1307914079
1308913989
130107139107
130126138126
130131140131
130143134144
130145139145
130174134175
130178140178
130186138186
130189138189
130194141194
130204141204
130220137220
130223140223
130246138246
130248141248
13111411
13141384
1312014020
1312414224
1312913430
1314014240
1314214142
1314514045
1315714057
1316013960
1316113961
1317213473
1318613986
1318714287
131100139100
131108140108
131112141112
131125139125
131127142127
131135138135
131148138148
131173139173
131180134181
131193138193
131200134201
131218138218
131226140226
131236138236
131238139238
131244142244
1321713419
1322114221
1326913969
1327614276
1328213783
1328813988
1329213593
132101139101
132113140113
132114141114
132151143151
132155141155
132160140160
132162141162
132163143163
132182142182
132192140192
132199141199
132211139211
132214141214
132217140217
132232136233
13321412
13381379
1331014110
1331614016
1336214362
1338014280
1339813799
133103140103
133115144115
133117142117
133122136123
133137140137
133138142138
133140142140
133157141157
133159143159
133179144179
133184141184
133185143185
133191141191
133209141209
133210142210
133216141216
133224144224
133228140228
133234136235
133240136241
13461436
13471417
1341414514
1342614326
1343114131
1345014350
1345114151
1347014370
1347714577
1348514285
134102143102
134104145104
134110139111
134120145120
134139141139
134152144152
134165144165
134196143196
134222145222
13551435
1351214512
1351314613
1351714417
1351813819
1352913830
1354814248
1355814358
1356714567
1356814468
1357113872
1357314373
1357814578
1359013991
1359614696
135129146129
135141143141
135143139144
135161142161
135166138167
135174139175
135180142180
135181144181
135183142183
135200142200
135201138202
135203143203
135205146205
135219143219
135221146221
135225142225
1361114311
1362214522
1362514625
1363714537
1364313944
1365314154
1366514365
1367414374
1369214492
1369314693
136106143106
136119147119
136124147124
136128143128
136132143132
136146147146
136177147177
136187145187
136215145215
136227143227
136239144239
136247144247
13731473
1373614536
1374714847
1375214652
1376314663
1377514575
1379514495
1379714697
137121140122
137123145123
137130148130
137134148134
137136147136
137147144147
137153146153
137154145154
137158145158
137208144208
137231138235
137240140241
13881419
1382314823
1383214932
1383814738
1384114741
1384614846
1385614556
1388114084
1389814598
1389914899
138109147109
138116147116
138118146118
138142149142
138149147149
138169140171
138172148172
138176148176
138190147190
138195148195
138197141198
138212141213
138220145220
138230145230
138237149237
13901480
13941474
1391814718
1391914619
1392714827
1392814130
1394914749
1395914659
1396414664
1397214672
139105148105
139126150126
139133147133
139135146135
139148150148
139166142167
139168149168
139186148186
139188147188
139189149189
139193149193
139201147201
139202146202
139206147206
139218147218
139229149229
139231140234
139235144236
139242148242
139246146246
1401514715
1403314335
1404314444
1406014361
1406914969
1408614786
1408814290
140100148100
140101148101
140107147107
140125151125
140143142145
140173147173
140175149175
140211150211
140245151245
140249147249
1411615016
1412015220
1413914939
1414514945
1415714857
1417914879
1418114384
1419414994
141103150103
141108152108
141111152111
141113149113
141121149121
141122150122
141131151131
141137148137
141160149160
141169143171
141178150178
141192148192
141217150217
141223150223
141228149228
141231143233
141234148234
141240144241
14211452
14271517
14281459
1421015010
1422814530
1423115031
1424215042
1425114951
1425314455
1426614966
1429115391
142112150112
142114149114
142139151139
142155145157
142162153162
142174153174
142184149184
142191150191
142194150194
142197144199
142212150212
142213150213
142214149214
142216152216
142226153226
142248150248
1432115421
1432415324
1434015240
1434815048
1438015080
1438515185
1438714490
143117152117
143127153127
143138151138
143140151140
143143146144
143145154145
143150154150
143161150161
143164154164
143166153166
143167150167
143180153180
143182151182
143183150183
143200150200
143209148210
143225150225
14461536
1441115311
1442615126
1443314635
1445015450
1445815258
1446014861
1446215262
1446515265
1447015170
1447314774
1448114683
1448415284
144102153102
144106151106
144128155128
144132153132
144141153141
144151151151
144159155159
144163151163
144171152171
144185153185
144196151196
144203153203
144207155207
144219155219
144227153227
144232152232
144233155233
144238155238
14551565
1451715317
1454315243
1454415644
1455314755
1456815268
1458714690
1459215392
1459515295
145147153147
145152154152
145165153165
145169156169
145197150198
145204156204
145208152208
145224155224
145235149236
145239148240
145241152241
145247155247
14611492
14691559
1461215312
1461415314
1462215322
1462815528
1462914930
1463615436
1463715537
1465615756
1466715667
1467115771
1467514877
1467815778
1469815498
146104154104
146123156123
146155148158
146187154187
146215155215
146220156220
146222154222
146230150231
146243157243
1471315613
1471915619
1472515425
1473314935
1475215552
1475915559
1476315064
1477215572
1478115082
1478315583
1478715487
1478814990
1479615197
147115158115
147118156118
147135154135
147143151144
147153150154
147179158179
147202157202
147221154221
147246155246
14831514
14881598
1481515515
1481815918
1483815538
1484915849
1485315055
1487315573
1487415774
1488615886
1489315993
148107156107
148109157109
148110159110
148116155116
148119156119
148120159120
148124157124
148129159129
148133156133
148136155136
148146155146
148149159149
148173159173
148177158177
148188155188
148199159199
148201155201
148205153206
148218155218
148249159249
14901570
1492315723
1492715827
1494615447
1495715657
1496015261
1497515875
1497615876
1497915779
14999151101
149105160105
149130157130
149134159134
149137157137
149155157155
149156151158
149170160170
149172157172
149176157176
149190160190
149192158192
149195157195
149209152210
149234156234
149239152240
149242160242
15011571
15021582
1502915829
1503015730
1503215235
1503915739
1504515745
1505116151
1506616166
1506915969
1508815389
1509015990
1509415794
150113153114
150121157121
150142157142
150160158160
150168157168
150175157175
150184161184
150189157189
150193158193
150214159214
150228157228
150229158229
150235158235
150237161237
150244161244
1511016210
1511616016
1513115831
1514115442
1514816248
1515316053
1515415655
1516315863
1516415964
1518015481
1518215982
151103159103
151112161112
151122162122
151126161126
151148160148
151153159153
151154161154
151161158161
151167158167
151178159178
151183159183
151191161191
151194158194
151197154198
151200160200
151211153213
151217162217
151225159225
151230154231
151236162236
151248160248
15231593
15241614
15271597
1522616026
1527016070
1528515985
1529615597
1529916099
152100156101
152106163106
152125161125
152131163131
152138159138
152139155140
152143155144
152151159151
152156160156
152157160157
152158159158
152163161163
152181156182
152196160196
1533215435
1534316243
1535816458
1536016360
1536115662
1536516365
1536816068
1537716477
1539516295
153108161108
153111161111
153117160117
153171160171
153208160208
153209157210
153216161216
153232161232
153239155241
153245164245
15461636
1541115812
1541416314
1541716217
1542216122
1542416524
1544016540
1548816388
1549116591
1549216492
154102161102
154113161113
154114165114
154127161127
154132163132
154147162147
154162161162
154165158166
154174164174
154180162180
154185157186
154203163203
154205157206
154211157212
154213162213
154223165223
154226157227
1552015921
1552516325
1553215833
1553416334
1553515936
1554116541
1554616346
1554716347
1555016250
1558016380
1558116481
1558716287
1558916689
1559816298
155104163104
155135164135
155150164150
155152164152
155187164187
155197163197
155221159222
155230162230
155231165231
15691639
1561516715
1563716038
1565216652
1565916359
1567216372
1567316773
1568316084
1569616696
1569716397
156116164116
156128164128
156136164136
156139160140
156143164143
156144166144
156145160146
156159164159
156188164188
156201167201
156207165207
156215163215
156218163218
156219163219
156224165224
156233164233
156238160239
156240159241
156246163246
156247167247
15751675
1571316813
1571916419
1574416444
1575416055
1575716457
1576116162
1576716567
157100164100
157101164101
157107164107
157118160119
157133165133
157169165169
157181164181
157182164182
157204166204
157220165220
157234164234
15811651
1582316523
1583016530
1583916639
1584516745
1585616656
1587116771
1587416574
1587816379
1589416594
158109168109
158121167121
158123162124
158130165130
158137167137
158141162142
158155166155
158168167168
158172166172
158175162176
158185165185
158189165189
158195166195
158202168202
158205161206
158209160212
158226166226
158227161228
158243167243
15921682
1591116212
1592716627
1592816429
1593116233
1594916849
1596316663
1597516675
1597617076
159115169115
159160162161
159164161167
159177166177
159179166179
159186170186
159192167192
159193162194
159229167229
159235167235
16001710
16031703
16071687
16081698
1602016421
1603516536
1604217142
1606417164
1606916869
1608217082
1608516785
1609317093
160103168103
160110170110
160120169120
160129171129
160134168134
160138171138
160151168151
160153169153
160158170158
160178168178
160183168183
160198164199
160214167214
160221163222
160225171225
160240164241
160249167249
1611616816
1611817218
1612617126
1613717137
1613816838
1615316454
1615516955
1616817268
1618316484
1619916899
161105170105
161117168117
161118171118
161119169119
161139171139
161145168145
161146168146
161148171148
161149172149
161156165157
161170169170
161171172171
161190169190
161196171196
161200172200
161208163211
161238168238
161239171239
161242168242
161248169248
16241724
1622216922
1625117051
1626116662
1626616966
1627017370
1628617386
1629017390
162102172102
162108171108
162111166112
162113170113
162125164127
162162169162
162163163166
162167169167
162191169191
162205169205
162206173206
162216172216
162227165228
162232171232
162237172237
162244169244
1631016711
1631217012
1633116732
1634317443
1634817448
1635017050
1638717387
1639517195
1639817498
163122165124
163140165142
163147172147
163160166161
163175167176
163184174184
163193171193
163194170194
163213170213
163217170217
163230170230
163236170236
16491719
1642517525
1643316934
1644617346
1644717147
1645916960
1647217272
1647816779
1648017380
1648817388
1649717297
164104171104
164106175106
164131168132
164163168164
164165168166
164180175180
164197173197
164203172203
164208165212
164215173215
164218167219
164221171221
164222173222
164246171246
16561766
1651916721
1652817328
1652917529
1654417544
1655317253
1655417554
1655716958
1657717477
1658117481
1658316884
1659217392
165100169101
165107173107
165116174116
165125169126
165127172127
165128174128
165135172135
165136176136
165143174143
165150175150
165152176152
165173169174
165181170182
165187172187
165188175188
165198170199
165233170234
165240173240
165241175241
165245174245
16611771
1662316924
1663017330
1663516936
1664017440
1664117741
1667417774
1669117491
1669417694
166114174114
166122169124
166130174130
166141174141
166142176142
166156169157
166185174185
166189175189
166207170208
166209174209
166210174210
166211174211
166212177212
166220173220
166223176223
166224175224
166227169228
166231174231
1672717527
1673917839
1675217852
1675617556
1676117062
1676317863
1677517875
1678917489
1679617496
167111170112
167144177144
167155174155
167159170160
167161177161
167177175177
167179175179
167195177195
167204175204
167226176226
1681017710
1681117611
1681517615
1681917021
1683117132
1684517945
1687117671
1687317573
1687817678
1687917779
1688517685
168121178121
168133179133
168137175137
168168178168
168175175175
168176175176
168201177201
168214177214
168218172219
168229175229
168235175235
168243176243
168249178249
16921802
16951805
16971777
1691317713
1691617217
1693817638
1694917749
1696917869
1698317384
1699917799
169103176103
169117180117
169131173132
169134177134
169145172146
169151176151
169163171165
169166178166
169178179178
169183177183
169202177202
169238176238
169242176242
169247180247
17081778
1702217224
1703317236
1705517755
1705717458
1705917759
1706017860
1706517366
170100173101
170115177115
170119174120
170122173123
170124174125
170126177126
170153174154
170156177156
170157177157
170162177162
170167178167
170169181169
170172174173
170190174191
170205178205
170227173228
170244178244
170248178248
17131793
1711218112
1711418214
1711917919
1712017621
1715017451
1716117861
1716218062
1717617976
1718217982
1719317893
171105182105
171109172113
171158174160
171174182174
171181179181
171182178182
171186178186
171194180194
171198175199
171207175208
171213180213
171217180217
171230178230
171233178233
171234178234
171236180236
17201800
17291819
1722618326
1723117532
1724217942
1724718347
1726417964
1729518195
172104180104
172108183108
172118182118
172129181129
172138180138
172139179139
172148181148
172163176164
172165179165
172192177193
172196180196
172221181221
172232179232
172239183239
172246181246
17341814
1731617617
1731818118
1732217524
1733317535
1733617637
1735318353
1736717868
1737218472
1739718097
173102184102
173109175111
173112177113
173127180127
173135180135
173145182145
173146180146
173147180147
173149183149
173170178171
173187183187
173200180200
173216180216
173218183218
173219181219
173237184237
1742818528
1743018130
1744618446
1746517766
1747018470
1748018380
1748318183
1748617688
1749018190
1749218292
174100181100
174101181101
174107185107
174122177123
174131183131
174206184206
174215181215
174220181220
174222185222
174227179228
174240181240
1754018340
1754318343
1755017951
1755717858
1757718677
1758118381
1758918289
1759118591
1759618296
1759818498
175114182114
175116182116
175119179120
175124179125
175128182128
175130182130
175141186141
175143185143
175153178155
175158178159
175160185160
175172184172
175173182173
175184179185
175190179191
175209182209
175210180211
175231183231
175245185245
1762217825
1762718327
1763117932
1763318633
1763418035
1764418444
1764818748
1765418454
1765618356
1767318473
176106184106
176109187109
176110185110
176111187111
176137187137
176150185150
176175179176
176177186177
176179183179
176180184180
176188187188
176189185189
176197178199
176203181204
176207179208
176224184224
176229185229
176235184235
17761856
1771118411
1771518415
1771618416
1772018021
1773617938
1777118571
1777818678
1778418085
1778618586
1778718288
1779418794
177103186103
177136186136
177142184142
177151184151
177152186152
177163185163
177164184164
177223185223
177225182226
177238187238
177241180242
177243185243
17811891
17871818
1781018510
1781318613
1782918929
1784118741
1784918849
1785518655
1785918959
1786518266
1787418774
1787918679
1789918999
178112182113
178115186115
178122181123
178126185126
178134186134
178144186144
178156186156
178157186157
178161183162
178183185183
178192182193
178195185195
178201186201
178202187202
178212186212
178214187214
1792218125
1793918639
1795219052
1795718657
1795818758
1796018261
1796318663
1796718268
1796919069
1797518775
1799318993
179121188121
179153189153
179154187154
179158183159
179166187166
179167182168
179170184171
179182188182
179186186186
179197183198
179199190199
179205187205
179230186230
179233187233
179234186234
179248182249
18031883
1801719117
1801918819
1803118731
1803219132
1803618238
1804218742
1804518945
1805018850
1806418964
1807619076
1808218782
180119188119
180120187120
180124188124
180125187125
180139187139
180155191155
180165190165
180176191176
180178191178
180181190181
180184183185
180190188190
180191191191
180207188207
180208189208
180227191227
180228191228
180232188232
18101910
18151905
1812018920
1813418934
1813519235
1815119251
1816219162
1818418585
1819718897
181104191104
181117190117
181127192127
181135191135
181138191138
181140192140
181146184147
181196188196
181200188200
181210188210
181211191211
181213190213
181216188216
181217191217
181236192236
181241185242
181244192244
181247189247
18241894
18271868
18291919
1821219112
1821819118
1822118325
1823018930
1828319283
1829019390
182100186101
182122190122
182123191123
182129192129
182169193169
182175193175
182203185204
182215192215
182219185220
182221191221
182240191240
182246189246
1831419214
1833618638
1836019460
1836119361
1836518667
1838718689
1839219392
1839519495
1839619496
183105191105
183112185114
183116190116
183118194118
183128193128
183130193130
183132194132
183145190145
183148194148
183167188168
183173187174
183192191192
183193186194
183209192209
183248192248
183249192249
1842118624
1842519525
1842618827
1844019240
1845319553
1845619356
1848018881
184108192108
184131193131
184133195133
184149195149
184158194158
184159193159
184161187162
184179193179
184184192184
184185192185
184197187198
184231194231
184239191239
1851119511
1851519315
1851619616
1854318844
1854618847
1855419554
1857019670
1857219073
1859819598
185102193102
185106192106
185142193142
185146189147
185151196151
185164192164
185170193170
185171196171
185172196172
185180193180
185187196187
185206193206
185224193224
185225196225
185226196226
185235196235
185237196237
18661936
1861019710
1862819728
1867119471
1868418886
1869119391
186107195107
186110197110
186112188114
186126193126
186143193143
186150195150
186163195163
186183196183
186189196189
186195193195
186203189204
186218188220
186222189223
186241194241
186242190243
186245197245
18771967
1871319513
1872118824
1873319533
1873618839
1875519655
1875719857
1876319763
1876518868
1877719677
1877819079
1878719787
1878819588
1878919889
187100191101
187103197103
187115195115
187134197134
187144198144
187152195152
187156190157
187177195177
187186195186
187193198193
187201197201
187212195212
187230196230
187234196234
18821992
1883119931
1884119142
1884819748
1885819958
1887519875
1888219682
1889419794
188109197109
188120199120
188125197125
188137197137
188139196139
188154196154
188160190162
188173199173
188174198174
188188197188
188197192198
188202197202
188205197205
188214196214
188233196233
18931993
1891919819
1892119124
1892619227
1893719737
1893819439
1894319344
1894619746
1894719747
1894919350
1896519267
1898019980
1898119881
1898419385
1898619786
1899719797
189111193112
189113196113
189119197119
189121197121
189124199124
189166192168
189182196182
189196197196
189200197200
189207199207
189210196210
189216199216
189218191220
189232198232
19041994
1902019920
1902919829
1903019830
1903419834
1904519745
1906419964
1909319893
190146193147
190153199153
190203197203
190204197204
190208199208
190222193223
190246198246
190247198247
1915219952
1916819569
1917219972
1917319973
1917619976
1917819978
1917919979
191116199116
191122199122
191145199145
191156196157
191160193162
191181199181
191213199213
191242199242
19201971
19281969
1921719618
1922119424
1923219932
1924219942
1926219962
192100197101
192135197136
192138199138
192178199178
192190197191
192217196218
192219194221
192227194229
192238194240
1932619727
1933519836
1936519866
193104195106
193140198141
193164195166
193167198168
193184196185
193197197198
193248197249
19451996
1941419915
1944319744
1944919751
1948419985
1949019891
194111198112
194126195130
194142199143
194146199147
194160199161
194169198170
194175198176
194179198180
194194197195
194222199223
194243199244
1952119922
1952319924
1953819741
1955919861
1959519996
195131199132
195158199159
195219197221
195227197229
195238196241
1961119913
1965319954
1966719969
196104198107
196126197130
196148199150
196162198165
19771999
197113199115
197154199157
197182198187
197209199212
197233199235
197236198241
1983719941
1984319851
19897199101
198125199130
198194198201
198202199206
198217199221
198224199228
1998619994
199102199112
199162199170
199186199197
